<?xml version="1.0" encoding="UTF-8"?>
<testng-results ignored="0" total="2" passed="2" failed="0" skipped="0">
  <reporter-output>
  </reporter-output>
  <suite started-at="2022-06-09T15:42:50 SGT" name="Default suite" finished-at="2022-06-09T15:42:50 SGT" duration-ms="641">
    <groups>
    </groups>
    <test started-at="2022-06-09T15:42:50 SGT" name="Default test" finished-at="2022-06-09T15:42:50 SGT" duration-ms="641">
      <class name="Utils.ExcelDataProvider">
        <test-method signature="test1(java.lang.String,java.lang.String)[pri:0, instance:Utils.ExcelDataProvider@59662a0b]" started-at="2022-06-09T15:42:50 SGT" name="test1" data-provider="test1data" finished-at="2022-06-09T15:42:50 SGT" duration-ms="5" status="PASS">
          <params>
            <param index="0">
              <value>
                <![CDATA[Admin]]>
              </value>
            </param>
            <param index="1">
              <value>
                <![CDATA[123]]>
              </value>
            </param>
          </params>
          <reporter-output>
          </reporter-output>
        </test-method> <!-- test1 -->
        <test-method signature="test1(java.lang.String,java.lang.String)[pri:0, instance:Utils.ExcelDataProvider@59662a0b]" started-at="2022-06-09T15:42:50 SGT" name="test1" data-provider="test1data" finished-at="2022-06-09T15:42:50 SGT" duration-ms="1" status="PASS">
          <params>
            <param index="0">
              <value>
                <![CDATA[Hehe]]>
              </value>
            </param>
            <param index="1">
              <value>
                <![CDATA[123456789]]>
              </value>
            </param>
          </params>
          <reporter-output>
          </reporter-output>
        </test-method> <!-- test1 -->
      </class> <!-- Utils.ExcelDataProvider -->
    </test> <!-- Default test -->
  </suite> <!-- Default suite -->
</testng-results>
